<?xml version="1.0" encoding="UTF-8"?>
<!-- Generated by org.testng.reporters.JUnitReportReporter -->
<testsuite skipped="0" hostname="WSPL-0073" name="testCases.SearchItem" tests="1" failures="0" timestamp="2021-02-22T13:55:49 IST" time="6.842" errors="0">
  <testcase name="enterValue" time="6.842" classname="testCases.SearchItem"/>
  <system-out/>
</testsuite> <!-- testCases.SearchItem -->
